Using pre-set license
Built from '2020.3/release' branch; Version is '2020.3.15f2 (6cf78cb77498) revision 7141260'; Using compiler version '192528614'; Build Type 'Release'
OS: 'Windows 10 Home; OS build 19042.1165; Version 2009; 64bit' Language: 'en' Physical Memory: 65399 MB
BatchMode: 1, IsHumanControllingUs: 0, StartBugReporterOnCrash: 0, Is64bit: 1, IsPro: 0

 COMMAND LINE ARGUMENTS:
C:\Program Files\Unity\Hub\Editor\2020.3.15f2\Editor\Unity.exe
-adb2
-batchMode
-noUpm
-name
AssetImportWorker0
-projectPath
E:/UnityRepos/PUSH ME ver.2.0.0 - Copy
-logFile
Logs/AssetImportWorker0.log
-srvPort
54474
Successfully changed project path to: E:/UnityRepos/PUSH ME ver.2.0.0 - Copy
E:/UnityRepos/PUSH ME ver.2.0.0 - Copy
Using Asset Import Pipeline V2.
Refreshing native plugins compatible for Editor in 64.27 ms, found 6 plugins.
Preloading 0 native plugins for Editor in 0.00 ms.
Initialize engine version: 2020.3.15f2 (6cf78cb77498)
[Subsystems] Discovering subsystems at path C:/Program Files/Unity/Hub/Editor/2020.3.15f2/Editor/Data/Resources/UnitySubsystems
[Subsystems] Discovering subsystems at path E:/UnityRepos/PUSH ME ver.2.0.0 - Copy/Assets
GfxDevice: creating device client; threaded=0
Direct3D:
    Version:  Direct3D 11.0 [level 11.1]
    Renderer: NVIDIA GeForce GTX 1660 SUPER (ID=0x21c4)
    Vendor:   
    VRAM:     5991 MB
    Driver:   30.0.14.7141
Shader 'Universal Render Pipeline/Particles/Lit': fallback shader 'Universal Render Pipeline/Particles/SimpleLit' not found
Initialize mono
Mono path[0] = 'C:/Program Files/Unity/Hub/Editor/2020.3.15f2/Editor/Data/Managed'
Mono path[1] = 'C:/Program Files/Unity/Hub/Editor/2020.3.15f2/Editor/Data/MonoBleedingEdge/lib/mono/unityjit'
Mono config path = 'C:/Program Files/Unity/Hub/Editor/2020.3.15f2/Editor/Data/MonoBleedingEdge/etc'
Using monoOptions --debugger-agent=transport=dt_socket,embedding=1,server=y,suspend=n,address=127.0.0.1:56068
Begin MonoManager ReloadAssembly
Registering precompiled unity dll's ...
Register platform support module: C:/Program Files/Unity/Hub/Editor/2020.3.15f2/Editor/Data/PlaybackEngines/WindowsStandaloneSupport/UnityEditor.WindowsStandalone.Extensions.dll
Registered in 0.001591 seconds.
Native extension for WindowsStandalone target not found
Refreshing native plugins compatible for Editor in 58.37 ms, found 6 plugins.
Preloading 0 native plugins for Editor in 0.00 ms.
Mono: successfully reloaded assembly
- Completed reload, in  1.457 seconds
Domain Reload Profiling:
	ReloadAssembly (1457ms)
		BeginReloadAssembly (44ms)
			ExecutionOrderSort (0ms)
			DisableScriptedObjects (0ms)
			BackupInstance (0ms)
			ReleaseScriptingObjects (0ms)
			CreateAndSetChildDomain (1ms)
		EndReloadAssembly (375ms)
			LoadAssemblies (42ms)
			RebuildTransferFunctionScriptingTraits (0ms)
			SetupTypeCache (123ms)
			ReleaseScriptCaches (0ms)
			RebuildScriptCaches (27ms)
			SetupLoadedEditorAssemblies (161ms)
				LogAssemblyErrors (0ms)
				InitializePlatformSupportModulesInManaged (3ms)
				SetLoadedEditorAssemblies (0ms)
				RefreshPlugins (58ms)
				BeforeProcessingInitializeOnLoad (11ms)
				ProcessInitializeOnLoadAttributes (64ms)
				ProcessInitializeOnLoadMethodAttributes (24ms)
				AfterProcessingInitializeOnLoad (0ms)
				EditorAssembliesLoaded (0ms)
			ExecutionOrderSort2 (0ms)
			AwakeInstancesAfterBackupRestoration (0ms)
Platform modules already initialized, skipping
Registering precompiled user dll's ...
Registered in 0.004024 seconds.
Begin MonoManager ReloadAssembly
Native extension for WindowsStandalone target not found
Refreshing native plugins compatible for Editor in 63.94 ms, found 6 plugins.
Preloading 0 native plugins for Editor in 0.00 ms.
Mono: successfully reloaded assembly
- Completed reload, in  1.087 seconds
Domain Reload Profiling:
	ReloadAssembly (1087ms)
		BeginReloadAssembly (115ms)
			ExecutionOrderSort (0ms)
			DisableScriptedObjects (4ms)
			BackupInstance (0ms)
			ReleaseScriptingObjects (0ms)
			CreateAndSetChildDomain (15ms)
		EndReloadAssembly (919ms)
			LoadAssemblies (75ms)
			RebuildTransferFunctionScriptingTraits (0ms)
			SetupTypeCache (275ms)
			ReleaseScriptCaches (1ms)
			RebuildScriptCaches (47ms)
			SetupLoadedEditorAssemblies (414ms)
				LogAssemblyErrors (0ms)
				InitializePlatformSupportModulesInManaged (3ms)
				SetLoadedEditorAssemblies (0ms)
				RefreshPlugins (64ms)
				BeforeProcessingInitializeOnLoad (80ms)
				ProcessInitializeOnLoadAttributes (258ms)
				ProcessInitializeOnLoadMethodAttributes (4ms)
				AfterProcessingInitializeOnLoad (5ms)
				EditorAssembliesLoaded (0ms)
			ExecutionOrderSort2 (0ms)
			AwakeInstancesAfterBackupRestoration (5ms)
Platform modules already initialized, skipping
========================================================================
Worker process is ready to serve import requests
Shader 'Universal Render Pipeline/Particles/Lit': fallback shader 'Universal Render Pipeline/Particles/SimpleLit' not found
Launched and connected shader compiler UnityShaderCompiler.exe after 0.05 seconds
Refreshing native plugins compatible for Editor in 0.97 ms, found 6 plugins.
Preloading 0 native plugins for Editor in 0.00 ms.
Unloading 3502 Unused Serialized files (Serialized files now loaded: 0)
System memory in use before: 155.6 MB.
System memory in use after: 155.8 MB.

Unloading 81 unused Assets to reduce memory usage. Loaded Objects now: 3885.
Total: 2.671000 ms (FindLiveObjects: 0.283300 ms CreateObjectMapping: 0.148300 ms MarkObjects: 2.091700 ms  DeleteObjects: 0.146800 ms)

AssetImportParameters requested are different than current active one (requested -> active):
  custom:framework-win-MediaFoundation: 216162199b28c13a410421893ffa2e32 -> 
  custom:video-decoder-ogg-theora: a1e56fd34408186e4bbccfd4996cb3dc -> 
  custom:container-muxer-webm: aa71ff27fc2769a1b78a27578f13a17b -> 
  custom:container-demuxer-webm: 4f35f7cbe854078d1ac9338744f61a02 -> 
  custom:container-demuxer-ogg: 62fdf1f143b41e24485cea50d1cbac27 -> 
  custom:video-encoder-webm-vp8: eb34c28f22e8b96e1ab97ce403110664 -> 
  custom:video-decoder-webm-vp8: 9c59270c3fd7afecdb556c50c9e8de78 -> 
  custom:audio-decoder-ogg-vorbis: bf7c407c2cedff20999df2af8eb42d56 -> 
  custom:audio-encoder-webm-vorbis: bf7c407c2cedff20999df2af8eb42d56 -> 
========================================================================
Received Import Request.
  path: Assets/Scripts/Game/AutoSurferTry3.cs
  artifactKey: Guid(8036f0ae5d7841e42b7f311a5f8e4cbd) Importer(815301076,1909f56bfc062723c751e8b465ee728b)
Start importing Assets/Scripts/Game/AutoSurferTry3.cs using Guid(8036f0ae5d7841e42b7f311a5f8e4cbd) Importer(815301076,1909f56bfc062723c751e8b465ee728b)  -> (artifact id: 'c3d99ea5d9a1996762a75f4d5799ae5f') in 0.017037 seconds 
  Import took 0.021566 seconds .

========================================================================
Received Prepare
Registering precompiled user dll's ...
Registered in 0.003877 seconds.
Begin MonoManager ReloadAssembly
Native extension for WindowsStandalone target not found
Refreshing native plugins compatible for Editor in 0.99 ms, found 6 plugins.
Preloading 0 native plugins for Editor in 0.00 ms.
Mono: successfully reloaded assembly
- Completed reload, in  1.090 seconds
Domain Reload Profiling:
	ReloadAssembly (1091ms)
		BeginReloadAssembly (96ms)
			ExecutionOrderSort (0ms)
			DisableScriptedObjects (3ms)
			BackupInstance (0ms)
			ReleaseScriptingObjects (0ms)
			CreateAndSetChildDomain (29ms)
		EndReloadAssembly (942ms)
			LoadAssemblies (72ms)
			RebuildTransferFunctionScriptingTraits (0ms)
			SetupTypeCache (284ms)
			ReleaseScriptCaches (1ms)
			RebuildScriptCaches (41ms)
			SetupLoadedEditorAssemblies (310ms)
				LogAssemblyErrors (0ms)
				InitializePlatformSupportModulesInManaged (3ms)
				SetLoadedEditorAssemblies (0ms)
				RefreshPlugins (1ms)
				BeforeProcessingInitializeOnLoad (74ms)
				ProcessInitializeOnLoadAttributes (222ms)
				ProcessInitializeOnLoadMethodAttributes (4ms)
				AfterProcessingInitializeOnLoad (5ms)
				EditorAssembliesLoaded (0ms)
			ExecutionOrderSort2 (0ms)
			AwakeInstancesAfterBackupRestoration (13ms)
Platform modules already initialized, skipping
Switching build target platform(19) subTarget(0) extendedPlatform(0) -> platform(13) subTarget(537395200) extendedPlatform(0)
Shader 'Universal Render Pipeline/Particles/Lit': fallback shader 'Universal Render Pipeline/Particles/SimpleLit' not found
Refreshing native plugins compatible for Editor in 0.96 ms, found 6 plugins.
Preloading 0 native plugins for Editor in 0.00 ms.
Unloading 3364 Unused Serialized files (Serialized files now loaded: 0)
System memory in use before: 143.3 MB.
System memory in use after: 143.5 MB.

Unloading 76 unused Assets to reduce memory usage. Loaded Objects now: 3887.
Total: 2.744600 ms (FindLiveObjects: 0.294300 ms CreateObjectMapping: 0.166200 ms MarkObjects: 2.256200 ms  DeleteObjects: 0.027100 ms)

AssetImportParameters requested are different than current active one (requested -> active):
  custom:framework-win-MediaFoundation: 216162199b28c13a410421893ffa2e32 -> 
  custom:video-decoder-ogg-theora: a1e56fd34408186e4bbccfd4996cb3dc -> 
  custom:container-muxer-webm: aa71ff27fc2769a1b78a27578f13a17b -> 
  custom:container-demuxer-webm: 4f35f7cbe854078d1ac9338744f61a02 -> 
  custom:container-demuxer-ogg: 62fdf1f143b41e24485cea50d1cbac27 -> 
  custom:video-encoder-webm-vp8: eb34c28f22e8b96e1ab97ce403110664 -> 
  custom:video-decoder-webm-vp8: 9c59270c3fd7afecdb556c50c9e8de78 -> 
  custom:graphics/normal-map-encoding: 01000000000000000000000000000000 -> 02000000000000000000000000000000
  custom:audio-decoder-ogg-vorbis: bf7c407c2cedff20999df2af8eb42d56 -> 
  custom:audio-encoder-webm-vorbis: bf7c407c2cedff20999df2af8eb42d56 -> 
========================================================================
Received Prepare
Registering precompiled user dll's ...
Registered in 0.003905 seconds.
Begin MonoManager ReloadAssembly
Native extension for WindowsStandalone target not found
Refreshing native plugins compatible for Editor in 1.02 ms, found 6 plugins.
Preloading 0 native plugins for Editor in 0.00 ms.
Mono: successfully reloaded assembly
- Completed reload, in  0.944 seconds
Domain Reload Profiling:
	ReloadAssembly (944ms)
		BeginReloadAssembly (95ms)
			ExecutionOrderSort (0ms)
			DisableScriptedObjects (4ms)
			BackupInstance (0ms)
			ReleaseScriptingObjects (0ms)
			CreateAndSetChildDomain (29ms)
		EndReloadAssembly (798ms)
			LoadAssemblies (74ms)
			RebuildTransferFunctionScriptingTraits (0ms)
			SetupTypeCache (274ms)
			ReleaseScriptCaches (1ms)
			RebuildScriptCaches (37ms)
			SetupLoadedEditorAssemblies (303ms)
				LogAssemblyErrors (0ms)
				InitializePlatformSupportModulesInManaged (3ms)
				SetLoadedEditorAssemblies (0ms)
				RefreshPlugins (1ms)
				BeforeProcessingInitializeOnLoad (73ms)
				ProcessInitializeOnLoadAttributes (216ms)
				ProcessInitializeOnLoadMethodAttributes (4ms)
				AfterProcessingInitializeOnLoad (5ms)
				EditorAssembliesLoaded (0ms)
			ExecutionOrderSort2 (0ms)
			AwakeInstancesAfterBackupRestoration (13ms)
Platform modules already initialized, skipping
Switching build target platform(19) subTarget(0) extendedPlatform(0) -> platform(13) subTarget(537395200) extendedPlatform(0)
Shader 'Universal Render Pipeline/Particles/Lit': fallback shader 'Universal Render Pipeline/Particles/SimpleLit' not found
Refreshing native plugins compatible for Editor in 0.99 ms, found 6 plugins.
Preloading 0 native plugins for Editor in 0.00 ms.
Unloading 3364 Unused Serialized files (Serialized files now loaded: 0)
System memory in use before: 143.3 MB.
System memory in use after: 143.6 MB.

Unloading 76 unused Assets to reduce memory usage. Loaded Objects now: 3889.
Total: 2.416700 ms (FindLiveObjects: 0.273200 ms CreateObjectMapping: 0.138600 ms MarkObjects: 1.982300 ms  DeleteObjects: 0.021900 ms)

AssetImportParameters requested are different than current active one (requested -> active):
  custom:framework-win-MediaFoundation: 216162199b28c13a410421893ffa2e32 -> 
  custom:video-decoder-ogg-theora: a1e56fd34408186e4bbccfd4996cb3dc -> 
  custom:container-muxer-webm: aa71ff27fc2769a1b78a27578f13a17b -> 
  custom:container-demuxer-webm: 4f35f7cbe854078d1ac9338744f61a02 -> 
  custom:container-demuxer-ogg: 62fdf1f143b41e24485cea50d1cbac27 -> 
  custom:video-encoder-webm-vp8: eb34c28f22e8b96e1ab97ce403110664 -> 
  custom:video-decoder-webm-vp8: 9c59270c3fd7afecdb556c50c9e8de78 -> 
  custom:graphics/normal-map-encoding: 01000000000000000000000000000000 -> 02000000000000000000000000000000
  custom:audio-decoder-ogg-vorbis: bf7c407c2cedff20999df2af8eb42d56 -> 
  custom:audio-encoder-webm-vorbis: bf7c407c2cedff20999df2af8eb42d56 -> 
========================================================================
Received Import Request.
  Time since last request: 12.179594 seconds.
  path: Assets/Prefabs/UI/Menu.prefab
  artifactKey: Guid(ae5f4626b80a90348a3a9c5f7d723c3a) Importer(815301076,1909f56bfc062723c751e8b465ee728b)
Start importing Assets/Prefabs/UI/Menu.prefab using Guid(ae5f4626b80a90348a3a9c5f7d723c3a) Importer(815301076,1909f56bfc062723c751e8b465ee728b)  -> (artifact id: '0f625d871e36b9a6f4908e52cb974561') in 0.510834 seconds 
  Import took 0.515935 seconds .

========================================================================
Received Import Request.
  Time since last request: 0.000220 seconds.
  path: Assets/Prefabs/UI/GameCanvas.prefab
  artifactKey: Guid(316f8e828411e334aa8f7c31715c2174) Importer(815301076,1909f56bfc062723c751e8b465ee728b)
Start importing Assets/Prefabs/UI/GameCanvas.prefab using Guid(316f8e828411e334aa8f7c31715c2174) Importer(815301076,1909f56bfc062723c751e8b465ee728b)  -> (artifact id: '6e7a96cfd47586200f80629096c96887') in 0.122305 seconds 
  Import took 0.126522 seconds .

========================================================================
Received Import Request.
  Time since last request: 0.000232 seconds.
  path: Assets/Prefabs/UI/Canvas.prefab
  artifactKey: Guid(d15489090263f374f901d349c3defe69) Importer(815301076,1909f56bfc062723c751e8b465ee728b)
Start importing Assets/Prefabs/UI/Canvas.prefab using Guid(d15489090263f374f901d349c3defe69) Importer(815301076,1909f56bfc062723c751e8b465ee728b)  -> (artifact id: '63c5b1b146595699d4d139ef7fe61e5e') in 0.014768 seconds 
  Import took 0.018975 seconds .

========================================================================
Received Import Request.
  Time since last request: 0.000235 seconds.
  path: Assets/Prefabs/UI/MainMenuCanvas.prefab
  artifactKey: Guid(b6e30b3d03b10ca4e8c814bcd2eb83f8) Importer(815301076,1909f56bfc062723c751e8b465ee728b)
Start importing Assets/Prefabs/UI/MainMenuCanvas.prefab using Guid(b6e30b3d03b10ca4e8c814bcd2eb83f8) Importer(815301076,1909f56bfc062723c751e8b465ee728b)  -> (artifact id: '66c2804134bee517b650b6eb0b0af151') in 0.024152 seconds 
  Import took 0.037133 seconds .

========================================================================
Received Import Request.
  Time since last request: 0.000240 seconds.
  path: Assets/Prefabs/UI/EventSystem.prefab
  artifactKey: Guid(1e7439eb4f4b1bb4880194b78469e22a) Importer(815301076,1909f56bfc062723c751e8b465ee728b)
Start importing Assets/Prefabs/UI/EventSystem.prefab using Guid(1e7439eb4f4b1bb4880194b78469e22a) Importer(815301076,1909f56bfc062723c751e8b465ee728b)  -> (artifact id: '9f84221b56a37ccae6c1f05556cf89f9') in 0.007966 seconds 
  Import took 0.012554 seconds .

========================================================================
Received Import Request.
  Time since last request: 80.591229 seconds.
  path: Assets/Scripts/Game/LevelGenerator.cs
  artifactKey: Guid(520caac76d15ef44eaa0844b86b14eb0) Importer(815301076,1909f56bfc062723c751e8b465ee728b)
Start importing Assets/Scripts/Game/LevelGenerator.cs using Guid(520caac76d15ef44eaa0844b86b14eb0) Importer(815301076,1909f56bfc062723c751e8b465ee728b)  -> (artifact id: '84819bd3fed790399a3ec9218e3fd3a8') in 0.089405 seconds 
  Import took 0.094125 seconds .

========================================================================
Received Import Request.
  Time since last request: 44.065396 seconds.
  path: Assets/NewChanges/Models/AE.prefab
  artifactKey: Guid(93baff8ec8caeee449526231805e9cb8) Importer(815301076,1909f56bfc062723c751e8b465ee728b)
Start importing Assets/NewChanges/Models/AE.prefab using Guid(93baff8ec8caeee449526231805e9cb8) Importer(815301076,1909f56bfc062723c751e8b465ee728b)  -> (artifact id: 'c6611c3827a8fb3378f52a546cf95880') in 0.899649 seconds 
  Import took 0.905406 seconds .

========================================================================
Received Import Request.
  Time since last request: 0.000239 seconds.
  path: Assets/NewChanges/Models/AS.prefab
  artifactKey: Guid(c5816fb9b5a29c84aaab8bd9c9c5b4db) Importer(815301076,1909f56bfc062723c751e8b465ee728b)
Start importing Assets/NewChanges/Models/AS.prefab using Guid(c5816fb9b5a29c84aaab8bd9c9c5b4db) Importer(815301076,1909f56bfc062723c751e8b465ee728b)  -> (artifact id: 'c0b68d220f4122f426ced46002b8e6fd') in 0.032414 seconds 
  Import took 0.037919 seconds .

========================================================================
Received Import Request.
  Time since last request: 0.000260 seconds.
  path: Assets/NewChanges/Models/CS.prefab
  artifactKey: Guid(38cd3e7c186bdbb458c4ebafefbc7803) Importer(815301076,1909f56bfc062723c751e8b465ee728b)
Start importing Assets/NewChanges/Models/CS.prefab using Guid(38cd3e7c186bdbb458c4ebafefbc7803) Importer(815301076,1909f56bfc062723c751e8b465ee728b)  -> (artifact id: 'de8c4cfa3cbd557056decfef3d077c61') in 0.054724 seconds 
  Import took 0.059976 seconds .

========================================================================
Received Import Request.
  Time since last request: 0.000235 seconds.
  path: Assets/NewChanges/Models/EW.prefab
  artifactKey: Guid(c7799f83d94fa974ea585fa05ca018cc) Importer(815301076,1909f56bfc062723c751e8b465ee728b)
Start importing Assets/NewChanges/Models/EW.prefab using Guid(c7799f83d94fa974ea585fa05ca018cc) Importer(815301076,1909f56bfc062723c751e8b465ee728b)  -> (artifact id: 'cc090688b374564418a527a99976fbfd') in 0.099602 seconds 
  Import took 0.104732 seconds .

========================================================================
Received Import Request.
  Time since last request: 0.000244 seconds.
  path: Assets/NewChanges/Models/CN.prefab
  artifactKey: Guid(459a2c66a58cc8d4a8cc491a9250d918) Importer(815301076,1909f56bfc062723c751e8b465ee728b)
Start importing Assets/NewChanges/Models/CN.prefab using Guid(459a2c66a58cc8d4a8cc491a9250d918) Importer(815301076,1909f56bfc062723c751e8b465ee728b)  -> (artifact id: '588794e0be4ce00f3a961ac6a7233102') in 0.031758 seconds 
  Import took 0.036848 seconds .

========================================================================
Received Import Request.
  Time since last request: 0.000291 seconds.
  path: Assets/NewChanges/Models/CE.prefab
  artifactKey: Guid(acb20459dcbe9034895c9a906383a2da) Importer(815301076,1909f56bfc062723c751e8b465ee728b)
Start importing Assets/NewChanges/Models/CE.prefab using Guid(acb20459dcbe9034895c9a906383a2da) Importer(815301076,1909f56bfc062723c751e8b465ee728b)  -> (artifact id: 'a002fd87f495b66e40ee77777f6f49ec') in 0.030598 seconds 
  Import took 0.035856 seconds .

========================================================================
Received Import Request.
  Time since last request: 0.000219 seconds.
  path: Assets/NewChanges/Models/DE.prefab
  artifactKey: Guid(7072b94a783a2d340add03717889cf48) Importer(815301076,1909f56bfc062723c751e8b465ee728b)
Start importing Assets/NewChanges/Models/DE.prefab using Guid(7072b94a783a2d340add03717889cf48) Importer(815301076,1909f56bfc062723c751e8b465ee728b)  -> (artifact id: 'd3667852a38afb47af30039ff5aab0f4') in 0.093909 seconds 
  Import took 0.098942 seconds .

========================================================================
Received Import Request.
  Time since last request: 0.000343 seconds.
  path: Assets/NewChanges/Models/BN.prefab
  artifactKey: Guid(6de9a22c623e82e4f83ff7ff23494245) Importer(815301076,1909f56bfc062723c751e8b465ee728b)
Start importing Assets/NewChanges/Models/BN.prefab using Guid(6de9a22c623e82e4f83ff7ff23494245) Importer(815301076,1909f56bfc062723c751e8b465ee728b)  -> (artifact id: '7b20810591a8bc2f0aa33cb56d53a941') in 0.039222 seconds 
  Import took 0.044506 seconds .

========================================================================
Received Import Request.
  Time since last request: 0.000203 seconds.
  path: Assets/NewChanges/Models/CW.prefab
  artifactKey: Guid(f51bd581e13c51f48ac3181211a275d3) Importer(815301076,1909f56bfc062723c751e8b465ee728b)
Start importing Assets/NewChanges/Models/CW.prefab using Guid(f51bd581e13c51f48ac3181211a275d3) Importer(815301076,1909f56bfc062723c751e8b465ee728b)  -> (artifact id: '091e82ab586a4d8aabe26eba1a08c7c6') in 0.029969 seconds 
  Import took 0.035180 seconds .

========================================================================
Received Import Request.
  Time since last request: 0.000196 seconds.
  path: Assets/NewChanges/Models/AW.prefab
  artifactKey: Guid(b4a494e5fb3809b4aab5a30fc88de722) Importer(815301076,1909f56bfc062723c751e8b465ee728b)
Start importing Assets/NewChanges/Models/AW.prefab using Guid(b4a494e5fb3809b4aab5a30fc88de722) Importer(815301076,1909f56bfc062723c751e8b465ee728b)  -> (artifact id: 'fcb98ca76d4dad184865f3117d0da300') in 0.030749 seconds 
  Import took 0.036398 seconds .

========================================================================
Received Import Request.
  Time since last request: 0.000230 seconds.
  path: Assets/NewChanges/Models/BS.prefab
  artifactKey: Guid(6f5d2c023474e1940ae68d68c1127d34) Importer(815301076,1909f56bfc062723c751e8b465ee728b)
Start importing Assets/NewChanges/Models/BS.prefab using Guid(6f5d2c023474e1940ae68d68c1127d34) Importer(815301076,1909f56bfc062723c751e8b465ee728b)  -> (artifact id: '7dadb7b2ffa670e2678a8c698e466e2c') in 0.029673 seconds 
  Import took 0.045932 seconds .

========================================================================
Received Import Request.
  Time since last request: 0.000349 seconds.
  path: Assets/NewChanges/Models/AN.prefab
  artifactKey: Guid(8d9f6c279549ada49996a54868b51d17) Importer(815301076,1909f56bfc062723c751e8b465ee728b)
Start importing Assets/NewChanges/Models/AN.prefab using Guid(8d9f6c279549ada49996a54868b51d17) Importer(815301076,1909f56bfc062723c751e8b465ee728b)  -> (artifact id: '1b24416d770cd84440836c91a1bd20a3') in 0.037149 seconds 
  Import took 0.044065 seconds .

========================================================================
Received Import Request.
  Time since last request: 0.000193 seconds.
  path: Assets/NewChanges/Models/DS.prefab
  artifactKey: Guid(be8bc3d19d494604f877a9d1692113a2) Importer(815301076,1909f56bfc062723c751e8b465ee728b)
Start importing Assets/NewChanges/Models/DS.prefab using Guid(be8bc3d19d494604f877a9d1692113a2) Importer(815301076,1909f56bfc062723c751e8b465ee728b)  -> (artifact id: 'd3ae7ec728005d6355170aab680a6fc2') in 0.030326 seconds 
  Import took 0.035459 seconds .

========================================================================
Received Import Request.
  Time since last request: 0.000219 seconds.
  path: Assets/NewChanges/Models/BE.prefab
  artifactKey: Guid(727a6688a5efe0740a74bc1594bd64f9) Importer(815301076,1909f56bfc062723c751e8b465ee728b)
Start importing Assets/NewChanges/Models/BE.prefab using Guid(727a6688a5efe0740a74bc1594bd64f9) Importer(815301076,1909f56bfc062723c751e8b465ee728b)  -> (artifact id: '70ba818d79865fbc01f20d05c5180a5a') in 0.030580 seconds 
  Import took 0.035614 seconds .

========================================================================
Received Import Request.
  Time since last request: 0.000212 seconds.
  path: Assets/NewChanges/Models/BW.prefab
  artifactKey: Guid(a880118001f021d47b8e4ca7bb934793) Importer(815301076,1909f56bfc062723c751e8b465ee728b)
Start importing Assets/NewChanges/Models/BW.prefab using Guid(a880118001f021d47b8e4ca7bb934793) Importer(815301076,1909f56bfc062723c751e8b465ee728b)  -> (artifact id: 'ef6db9c59f06db93f4f35453f76881be') in 0.029433 seconds 
  Import took 0.034351 seconds .

========================================================================
Received Import Request.
  Time since last request: 0.000223 seconds.
  path: Assets/NewChanges/Models/DW.prefab
  artifactKey: Guid(ea37711d9211fdc4f9c5485ba26c4052) Importer(815301076,1909f56bfc062723c751e8b465ee728b)
Start importing Assets/NewChanges/Models/DW.prefab using Guid(ea37711d9211fdc4f9c5485ba26c4052) Importer(815301076,1909f56bfc062723c751e8b465ee728b)  -> (artifact id: 'be3f3f623dc2f3e4dc7e2d888a3ca353') in 0.030326 seconds 
  Import took 0.035325 seconds .

========================================================================
Received Import Request.
  Time since last request: 0.000180 seconds.
  path: Assets/NewChanges/Models/DN.prefab
  artifactKey: Guid(75f43a245ac7e5c48847b938e2715bd7) Importer(815301076,1909f56bfc062723c751e8b465ee728b)
Start importing Assets/NewChanges/Models/DN.prefab using Guid(75f43a245ac7e5c48847b938e2715bd7) Importer(815301076,1909f56bfc062723c751e8b465ee728b)  -> (artifact id: '5288a6b9cdc24e064f6e3b4611636cc2') in 0.030083 seconds 
  Import took 0.035167 seconds .

========================================================================
Received Import Request.
  Time since last request: 0.000231 seconds.
  path: Assets/NewChanges/Models/EE.prefab
  artifactKey: Guid(ea6639e08f006cf499d171f00305bce3) Importer(815301076,1909f56bfc062723c751e8b465ee728b)
Start importing Assets/NewChanges/Models/EE.prefab using Guid(ea6639e08f006cf499d171f00305bce3) Importer(815301076,1909f56bfc062723c751e8b465ee728b)  -> (artifact id: 'be2017a9506734c404b78c3c35517e24') in 0.030641 seconds 
  Import took 0.036227 seconds .

========================================================================
Received Import Request.
  Time since last request: 0.000198 seconds.
  path: Assets/NewChanges/Models/EN.prefab
  artifactKey: Guid(548bf0d88fe636e458d276087e5d932e) Importer(815301076,1909f56bfc062723c751e8b465ee728b)
Start importing Assets/NewChanges/Models/EN.prefab using Guid(548bf0d88fe636e458d276087e5d932e) Importer(815301076,1909f56bfc062723c751e8b465ee728b)  -> (artifact id: '24a67e3b016bdec292525d6782024d0e') in 0.029969 seconds 
  Import took 0.035261 seconds .

========================================================================
Received Import Request.
  Time since last request: 0.000238 seconds.
  path: Assets/NewChanges/Models/ES.prefab
  artifactKey: Guid(e56fdad64eb21f445af06d61f4db7c0b) Importer(815301076,1909f56bfc062723c751e8b465ee728b)
Start importing Assets/NewChanges/Models/ES.prefab using Guid(e56fdad64eb21f445af06d61f4db7c0b) Importer(815301076,1909f56bfc062723c751e8b465ee728b)  -> (artifact id: 'bc01044e97d37b8445aa64303da254f8') in 0.031182 seconds 
  Import took 0.036533 seconds .

========================================================================
Received Prepare
Registering precompiled user dll's ...
Registered in 0.004150 seconds.
Begin MonoManager ReloadAssembly
Native extension for WindowsStandalone target not found
Refreshing native plugins compatible for Editor in 0.97 ms, found 6 plugins.
Preloading 0 native plugins for Editor in 0.00 ms.
Mono: successfully reloaded assembly
- Completed reload, in  0.982 seconds
Domain Reload Profiling:
	ReloadAssembly (983ms)
		BeginReloadAssembly (110ms)
			ExecutionOrderSort (0ms)
			DisableScriptedObjects (6ms)
			BackupInstance (0ms)
			ReleaseScriptingObjects (0ms)
			CreateAndSetChildDomain (33ms)
		EndReloadAssembly (823ms)
			LoadAssemblies (74ms)
			RebuildTransferFunctionScriptingTraits (0ms)
			SetupTypeCache (271ms)
			ReleaseScriptCaches (1ms)
			RebuildScriptCaches (37ms)
			SetupLoadedEditorAssemblies (306ms)
				LogAssemblyErrors (0ms)
				InitializePlatformSupportModulesInManaged (3ms)
				SetLoadedEditorAssemblies (0ms)
				RefreshPlugins (1ms)
				BeforeProcessingInitializeOnLoad (73ms)
				ProcessInitializeOnLoadAttributes (219ms)
				ProcessInitializeOnLoadMethodAttributes (3ms)
				AfterProcessingInitializeOnLoad (5ms)
				EditorAssembliesLoaded (0ms)
			ExecutionOrderSort2 (0ms)
			AwakeInstancesAfterBackupRestoration (15ms)
Platform modules already initialized, skipping
Switching build target platform(19) subTarget(0) extendedPlatform(0) -> platform(13) subTarget(537395200) extendedPlatform(0)
Shader 'Universal Render Pipeline/Particles/Lit': fallback shader 'Universal Render Pipeline/Particles/SimpleLit' not found
Refreshing native plugins compatible for Editor in 0.96 ms, found 6 plugins.
Preloading 0 native plugins for Editor in 0.00 ms.
Unloading 3364 Unused Serialized files (Serialized files now loaded: 0)
System memory in use before: 149.5 MB.
System memory in use after: 149.7 MB.

Unloading 78 unused Assets to reduce memory usage. Loaded Objects now: 3940.
Total: 3.067100 ms (FindLiveObjects: 0.319300 ms CreateObjectMapping: 0.163900 ms MarkObjects: 2.518000 ms  DeleteObjects: 0.065000 ms)

AssetImportParameters requested are different than current active one (requested -> active):
  custom:framework-win-MediaFoundation: 216162199b28c13a410421893ffa2e32 -> 
  custom:video-decoder-ogg-theora: a1e56fd34408186e4bbccfd4996cb3dc -> 
  custom:container-muxer-webm: aa71ff27fc2769a1b78a27578f13a17b -> 
  custom:container-demuxer-webm: 4f35f7cbe854078d1ac9338744f61a02 -> 
  custom:container-demuxer-ogg: 62fdf1f143b41e24485cea50d1cbac27 -> 
  custom:video-encoder-webm-vp8: eb34c28f22e8b96e1ab97ce403110664 -> 
  custom:video-decoder-webm-vp8: 9c59270c3fd7afecdb556c50c9e8de78 -> 
  custom:graphics/normal-map-encoding: 01000000000000000000000000000000 -> 02000000000000000000000000000000
  custom:audio-decoder-ogg-vorbis: bf7c407c2cedff20999df2af8eb42d56 -> 
  custom:audio-encoder-webm-vorbis: bf7c407c2cedff20999df2af8eb42d56 -> 
========================================================================
Received Import Request.
  Time since last request: 1846.825613 seconds.
  path: Assets/Scripts/Game/AutoSurferTryTwo.cs
  artifactKey: Guid(4c0e4841abd4de84b994cf63d4606b48) Importer(815301076,1909f56bfc062723c751e8b465ee728b)
Start importing Assets/Scripts/Game/AutoSurferTryTwo.cs using Guid(4c0e4841abd4de84b994cf63d4606b48) Importer(815301076,1909f56bfc062723c751e8b465ee728b)  -> (artifact id: '0e00a8aa506d05df12a42fd44139767c') in 0.008148 seconds 
  Import took 0.028677 seconds .

========================================================================
Received Import Request.
  Time since last request: 318.644987 seconds.
  path: Assets/Scenes/Level3.unity
  artifactKey: Guid(d1c3109bdb54ad54c8a2b2838528e640) Importer(815301076,1909f56bfc062723c751e8b465ee728b)
Start importing Assets/Scenes/Level3.unity using Guid(d1c3109bdb54ad54c8a2b2838528e640) Importer(815301076,1909f56bfc062723c751e8b465ee728b)  -> (artifact id: '69ef614a880da9b6ddb10e730554079a') in 0.012889 seconds 
  Import took 0.017849 seconds .

========================================================================
Received Prepare
Registering precompiled user dll's ...
Registered in 0.004479 seconds.
Begin MonoManager ReloadAssembly
Native extension for WindowsStandalone target not found
Refreshing native plugins compatible for Editor in 0.96 ms, found 6 plugins.
Preloading 0 native plugins for Editor in 0.00 ms.
Mono: successfully reloaded assembly
- Completed reload, in  0.967 seconds
Domain Reload Profiling:
	ReloadAssembly (967ms)
		BeginReloadAssembly (93ms)
			ExecutionOrderSort (0ms)
			DisableScriptedObjects (4ms)
			BackupInstance (0ms)
			ReleaseScriptingObjects (0ms)
			CreateAndSetChildDomain (33ms)
		EndReloadAssembly (824ms)
			LoadAssemblies (75ms)
			RebuildTransferFunctionScriptingTraits (0ms)
			SetupTypeCache (269ms)
			ReleaseScriptCaches (1ms)
			RebuildScriptCaches (38ms)
			SetupLoadedEditorAssemblies (300ms)
				LogAssemblyErrors (0ms)
				InitializePlatformSupportModulesInManaged (3ms)
				SetLoadedEditorAssemblies (0ms)
				RefreshPlugins (1ms)
				BeforeProcessingInitializeOnLoad (73ms)
				ProcessInitializeOnLoadAttributes (214ms)
				ProcessInitializeOnLoadMethodAttributes (4ms)
				AfterProcessingInitializeOnLoad (5ms)
				EditorAssembliesLoaded (0ms)
			ExecutionOrderSort2 (0ms)
			AwakeInstancesAfterBackupRestoration (16ms)
Platform modules already initialized, skipping
Switching build target platform(19) subTarget(0) extendedPlatform(0) -> platform(13) subTarget(537395200) extendedPlatform(0)
Shader 'Universal Render Pipeline/Particles/Lit': fallback shader 'Universal Render Pipeline/Particles/SimpleLit' not found
Refreshing native plugins compatible for Editor in 0.97 ms, found 6 plugins.
Preloading 0 native plugins for Editor in 0.00 ms.
Unloading 3364 Unused Serialized files (Serialized files now loaded: 0)
System memory in use before: 149.5 MB.
System memory in use after: 149.7 MB.

Unloading 76 unused Assets to reduce memory usage. Loaded Objects now: 3942.
Total: 2.494500 ms (FindLiveObjects: 0.257500 ms CreateObjectMapping: 0.135400 ms MarkObjects: 2.070500 ms  DeleteObjects: 0.030300 ms)

AssetImportParameters requested are different than current active one (requested -> active):
  custom:framework-win-MediaFoundation: 216162199b28c13a410421893ffa2e32 -> 
  custom:video-decoder-ogg-theora: a1e56fd34408186e4bbccfd4996cb3dc -> 
  custom:container-muxer-webm: aa71ff27fc2769a1b78a27578f13a17b -> 
  custom:container-demuxer-webm: 4f35f7cbe854078d1ac9338744f61a02 -> 
  custom:container-demuxer-ogg: 62fdf1f143b41e24485cea50d1cbac27 -> 
  custom:video-encoder-webm-vp8: eb34c28f22e8b96e1ab97ce403110664 -> 
  custom:video-decoder-webm-vp8: 9c59270c3fd7afecdb556c50c9e8de78 -> 
  custom:graphics/normal-map-encoding: 01000000000000000000000000000000 -> 02000000000000000000000000000000
  custom:audio-decoder-ogg-vorbis: bf7c407c2cedff20999df2af8eb42d56 -> 
  custom:audio-encoder-webm-vorbis: bf7c407c2cedff20999df2af8eb42d56 -> 
========================================================================
Received Import Request.
  Time since last request: 37.107983 seconds.
  path: Assets/Prefabs/Game/1Stack.prefab
  artifactKey: Guid(3f1b69e686c0f5249982e64dcf4bd8d4) Importer(815301076,1909f56bfc062723c751e8b465ee728b)
Start importing Assets/Prefabs/Game/1Stack.prefab using Guid(3f1b69e686c0f5249982e64dcf4bd8d4) Importer(815301076,1909f56bfc062723c751e8b465ee728b)  -> (artifact id: '06910eb8d6947cbff2680a045700c843') in 0.151270 seconds 
  Import took 0.156140 seconds .

========================================================================
Received Import Request.
  Time since last request: 6.581701 seconds.
  path: Assets/Prefabs/Game/1Stack.prefab
  artifactKey: Guid(3f1b69e686c0f5249982e64dcf4bd8d4) Importer(815301076,1909f56bfc062723c751e8b465ee728b)
Start importing Assets/Prefabs/Game/1Stack.prefab using Guid(3f1b69e686c0f5249982e64dcf4bd8d4) Importer(815301076,1909f56bfc062723c751e8b465ee728b)  -> (artifact id: 'a01b3df6719de0f264a97ab23b1041c0') in 0.026290 seconds 
  Import took 0.031282 seconds .

========================================================================
Received Import Request.
  Time since last request: 11.502298 seconds.
  path: Assets/Prefabs/Game/2Stack.prefab
  artifactKey: Guid(b2aacce3b9bd2ad4f928401353dd1387) Importer(815301076,1909f56bfc062723c751e8b465ee728b)
Start importing Assets/Prefabs/Game/2Stack.prefab using Guid(b2aacce3b9bd2ad4f928401353dd1387) Importer(815301076,1909f56bfc062723c751e8b465ee728b)  -> (artifact id: '4d9170ddcff6911cd0960577c7d79de9') in 0.030085 seconds 
  Import took 0.035319 seconds .

========================================================================
Received Import Request.
  Time since last request: 6.157458 seconds.
  path: Assets/Prefabs/Game/3Stack.prefab
  artifactKey: Guid(0f901e2662e7e814590d48d5b0f305aa) Importer(815301076,1909f56bfc062723c751e8b465ee728b)
Start importing Assets/Prefabs/Game/3Stack.prefab using Guid(0f901e2662e7e814590d48d5b0f305aa) Importer(815301076,1909f56bfc062723c751e8b465ee728b)  -> (artifact id: '682529ccfb84d143dc836807f14795fb') in 0.028482 seconds 
  Import took 0.033715 seconds .

========================================================================
Received Import Request.
  Time since last request: 0.619121 seconds.
  path: Assets/Prefabs/Game/3Stack.prefab
  artifactKey: Guid(0f901e2662e7e814590d48d5b0f305aa) Importer(815301076,1909f56bfc062723c751e8b465ee728b)
Start importing Assets/Prefabs/Game/3Stack.prefab using Guid(0f901e2662e7e814590d48d5b0f305aa) Importer(815301076,1909f56bfc062723c751e8b465ee728b)  -> (artifact id: 'ca7fb2aef42c58244c57c22bf0b08380') in 0.025179 seconds 
  Import took 0.030174 seconds .

========================================================================
Received Import Request.
  Time since last request: 8.603915 seconds.
  path: Assets/Prefabs/Game/4Stack.prefab
  artifactKey: Guid(d6ff0adea02515242a9c23268810f509) Importer(815301076,1909f56bfc062723c751e8b465ee728b)
Start importing Assets/Prefabs/Game/4Stack.prefab using Guid(d6ff0adea02515242a9c23268810f509) Importer(815301076,1909f56bfc062723c751e8b465ee728b)  -> (artifact id: '780871ec7656e077e86a1a2ee1f8b2d9') in 0.029266 seconds 
  Import took 0.056994 seconds .

========================================================================
Received Import Request.
  Time since last request: 4.398127 seconds.
  path: Assets/Prefabs/Game/4Stack.prefab
  artifactKey: Guid(d6ff0adea02515242a9c23268810f509) Importer(815301076,1909f56bfc062723c751e8b465ee728b)
Start importing Assets/Prefabs/Game/4Stack.prefab using Guid(d6ff0adea02515242a9c23268810f509) Importer(815301076,1909f56bfc062723c751e8b465ee728b)  -> (artifact id: '505f819d02b11a15ac72d5ea1a159f5b') in 0.025132 seconds 
  Import took 0.030303 seconds .

========================================================================
Received Import Request.
  Time since last request: 5.139756 seconds.
  path: Assets/Prefabs/Game/5Stack.prefab
  artifactKey: Guid(feff9f4f85788ac40a29ed94fac765e2) Importer(815301076,1909f56bfc062723c751e8b465ee728b)
Start importing Assets/Prefabs/Game/5Stack.prefab using Guid(feff9f4f85788ac40a29ed94fac765e2) Importer(815301076,1909f56bfc062723c751e8b465ee728b)  -> (artifact id: 'e824971c437d230309249043497f5730') in 0.028062 seconds 
  Import took 0.033381 seconds .

========================================================================
Received Import Request.
  Time since last request: 1.777033 seconds.
  path: Assets/Prefabs/Game/5Stack.prefab
  artifactKey: Guid(feff9f4f85788ac40a29ed94fac765e2) Importer(815301076,1909f56bfc062723c751e8b465ee728b)
Start importing Assets/Prefabs/Game/5Stack.prefab using Guid(feff9f4f85788ac40a29ed94fac765e2) Importer(815301076,1909f56bfc062723c751e8b465ee728b)  -> (artifact id: 'fac514ef66951781512570ebf745fce8') in 0.026843 seconds 
  Import took 0.031785 seconds .

========================================================================
Received Prepare
Registering precompiled user dll's ...
Registered in 0.004541 seconds.
Begin MonoManager ReloadAssembly
Native extension for WindowsStandalone target not found
Refreshing native plugins compatible for Editor in 0.98 ms, found 6 plugins.
Preloading 0 native plugins for Editor in 0.00 ms.
Mono: successfully reloaded assembly
- Completed reload, in  0.990 seconds
Domain Reload Profiling:
	ReloadAssembly (990ms)
		BeginReloadAssembly (90ms)
			ExecutionOrderSort (0ms)
			DisableScriptedObjects (5ms)
			BackupInstance (0ms)
			ReleaseScriptingObjects (0ms)
			CreateAndSetChildDomain (31ms)
		EndReloadAssembly (844ms)
			LoadAssemblies (72ms)
			RebuildTransferFunctionScriptingTraits (0ms)
			SetupTypeCache (276ms)
			ReleaseScriptCaches (1ms)
			RebuildScriptCaches (38ms)
			SetupLoadedEditorAssemblies (312ms)
				LogAssemblyErrors (0ms)
				InitializePlatformSupportModulesInManaged (3ms)
				SetLoadedEditorAssemblies (0ms)
				RefreshPlugins (1ms)
				BeforeProcessingInitializeOnLoad (75ms)
				ProcessInitializeOnLoadAttributes (224ms)
				ProcessInitializeOnLoadMethodAttributes (3ms)
				AfterProcessingInitializeOnLoad (5ms)
				EditorAssembliesLoaded (0ms)
			ExecutionOrderSort2 (0ms)
			AwakeInstancesAfterBackupRestoration (16ms)
Platform modules already initialized, skipping
Switching build target platform(19) subTarget(0) extendedPlatform(0) -> platform(13) subTarget(537395200) extendedPlatform(0)
Shader 'Universal Render Pipeline/Particles/Lit': fallback shader 'Universal Render Pipeline/Particles/SimpleLit' not found
Refreshing native plugins compatible for Editor in 0.98 ms, found 6 plugins.
Preloading 0 native plugins for Editor in 0.00 ms.
Unloading 3364 Unused Serialized files (Serialized files now loaded: 0)
System memory in use before: 149.7 MB.
System memory in use after: 149.9 MB.

Unloading 76 unused Assets to reduce memory usage. Loaded Objects now: 3980.
Total: 2.644500 ms (FindLiveObjects: 0.301800 ms CreateObjectMapping: 0.144600 ms MarkObjects: 2.160100 ms  DeleteObjects: 0.037100 ms)

AssetImportParameters requested are different than current active one (requested -> active):
  custom:framework-win-MediaFoundation: 216162199b28c13a410421893ffa2e32 -> 
  custom:video-decoder-ogg-theora: a1e56fd34408186e4bbccfd4996cb3dc -> 
  custom:container-muxer-webm: aa71ff27fc2769a1b78a27578f13a17b -> 
  custom:container-demuxer-webm: 4f35f7cbe854078d1ac9338744f61a02 -> 
  custom:container-demuxer-ogg: 62fdf1f143b41e24485cea50d1cbac27 -> 
  custom:video-encoder-webm-vp8: eb34c28f22e8b96e1ab97ce403110664 -> 
  custom:video-decoder-webm-vp8: 9c59270c3fd7afecdb556c50c9e8de78 -> 
  custom:graphics/normal-map-encoding: 01000000000000000000000000000000 -> 02000000000000000000000000000000
  custom:audio-decoder-ogg-vorbis: bf7c407c2cedff20999df2af8eb42d56 -> 
  custom:audio-encoder-webm-vorbis: bf7c407c2cedff20999df2af8eb42d56 -> 
========================================================================
Received Prepare
Registering precompiled user dll's ...
Registered in 0.004064 seconds.
Begin MonoManager ReloadAssembly
Native extension for WindowsStandalone target not found
Refreshing native plugins compatible for Editor in 0.99 ms, found 6 plugins.
Preloading 0 native plugins for Editor in 0.00 ms.
Mono: successfully reloaded assembly
- Completed reload, in  1.088 seconds
Domain Reload Profiling:
	ReloadAssembly (1089ms)
		BeginReloadAssembly (108ms)
			ExecutionOrderSort (0ms)
			DisableScriptedObjects (4ms)
			BackupInstance (0ms)
			ReleaseScriptingObjects (0ms)
			CreateAndSetChildDomain (31ms)
		EndReloadAssembly (925ms)
			LoadAssemblies (81ms)
			RebuildTransferFunctionScriptingTraits (0ms)
			SetupTypeCache (296ms)
			ReleaseScriptCaches (1ms)
			RebuildScriptCaches (40ms)
			SetupLoadedEditorAssemblies (347ms)
				LogAssemblyErrors (0ms)
				InitializePlatformSupportModulesInManaged (4ms)
				SetLoadedEditorAssemblies (0ms)
				RefreshPlugins (1ms)
				BeforeProcessingInitializeOnLoad (81ms)
				ProcessInitializeOnLoadAttributes (252ms)
				ProcessInitializeOnLoadMethodAttributes (4ms)
				AfterProcessingInitializeOnLoad (5ms)
				EditorAssembliesLoaded (0ms)
			ExecutionOrderSort2 (0ms)
			AwakeInstancesAfterBackupRestoration (18ms)
Platform modules already initialized, skipping
Switching build target platform(19) subTarget(0) extendedPlatform(0) -> platform(13) subTarget(537395200) extendedPlatform(0)
Shader 'Universal Render Pipeline/Particles/Lit': fallback shader 'Universal Render Pipeline/Particles/SimpleLit' not found
Refreshing native plugins compatible for Editor in 0.97 ms, found 6 plugins.
Preloading 0 native plugins for Editor in 0.00 ms.
Unloading 3364 Unused Serialized files (Serialized files now loaded: 0)
System memory in use before: 149.7 MB.
System memory in use after: 149.9 MB.

Unloading 76 unused Assets to reduce memory usage. Loaded Objects now: 3982.
Total: 2.873800 ms (FindLiveObjects: 0.360000 ms CreateObjectMapping: 0.237700 ms MarkObjects: 2.244500 ms  DeleteObjects: 0.030700 ms)

AssetImportParameters requested are different than current active one (requested -> active):
  custom:framework-win-MediaFoundation: 216162199b28c13a410421893ffa2e32 -> 
  custom:video-decoder-ogg-theora: a1e56fd34408186e4bbccfd4996cb3dc -> 
  custom:container-muxer-webm: aa71ff27fc2769a1b78a27578f13a17b -> 
  custom:container-demuxer-webm: 4f35f7cbe854078d1ac9338744f61a02 -> 
  custom:container-demuxer-ogg: 62fdf1f143b41e24485cea50d1cbac27 -> 
  custom:video-encoder-webm-vp8: eb34c28f22e8b96e1ab97ce403110664 -> 
  custom:video-decoder-webm-vp8: 9c59270c3fd7afecdb556c50c9e8de78 -> 
  custom:graphics/normal-map-encoding: 01000000000000000000000000000000 -> 02000000000000000000000000000000
  custom:audio-decoder-ogg-vorbis: bf7c407c2cedff20999df2af8eb42d56 -> 
  custom:audio-encoder-webm-vorbis: bf7c407c2cedff20999df2af8eb42d56 -> 
========================================================================
Received Prepare
Registering precompiled user dll's ...
Registered in 0.004519 seconds.
Begin MonoManager ReloadAssembly
Native extension for WindowsStandalone target not found
Refreshing native plugins compatible for Editor in 1.14 ms, found 6 plugins.
Preloading 0 native plugins for Editor in 0.00 ms.
Mono: successfully reloaded assembly
- Completed reload, in  1.105 seconds
Domain Reload Profiling:
	ReloadAssembly (1106ms)
		BeginReloadAssembly (101ms)
			ExecutionOrderSort (0ms)
			DisableScriptedObjects (4ms)
			BackupInstance (0ms)
			ReleaseScriptingObjects (0ms)
			CreateAndSetChildDomain (33ms)
		EndReloadAssembly (949ms)
			LoadAssemblies (81ms)
			RebuildTransferFunctionScriptingTraits (0ms)
			SetupTypeCache (296ms)
			ReleaseScriptCaches (1ms)
			RebuildScriptCaches (41ms)
			SetupLoadedEditorAssemblies (348ms)
				LogAssemblyErrors (0ms)
				InitializePlatformSupportModulesInManaged (4ms)
				SetLoadedEditorAssemblies (0ms)
				RefreshPlugins (1ms)
				BeforeProcessingInitializeOnLoad (81ms)
				ProcessInitializeOnLoadAttributes (252ms)
				ProcessInitializeOnLoadMethodAttributes (4ms)
				AfterProcessingInitializeOnLoad (5ms)
				EditorAssembliesLoaded (0ms)
			ExecutionOrderSort2 (0ms)
			AwakeInstancesAfterBackupRestoration (19ms)
Platform modules already initialized, skipping
Switching build target platform(19) subTarget(0) extendedPlatform(0) -> platform(13) subTarget(537395200) extendedPlatform(0)
Shader 'Universal Render Pipeline/Particles/Lit': fallback shader 'Universal Render Pipeline/Particles/SimpleLit' not found
Refreshing native plugins compatible for Editor in 1.00 ms, found 6 plugins.
Preloading 0 native plugins for Editor in 0.00 ms.
Unloading 3364 Unused Serialized files (Serialized files now loaded: 0)
System memory in use before: 149.7 MB.
System memory in use after: 149.9 MB.

Unloading 76 unused Assets to reduce memory usage. Loaded Objects now: 3984.
Total: 2.964600 ms (FindLiveObjects: 0.347700 ms CreateObjectMapping: 0.200100 ms MarkObjects: 2.384900 ms  DeleteObjects: 0.030800 ms)

AssetImportParameters requested are different than current active one (requested -> active):
  custom:framework-win-MediaFoundation: 216162199b28c13a410421893ffa2e32 -> 
  custom:video-decoder-ogg-theora: a1e56fd34408186e4bbccfd4996cb3dc -> 
  custom:container-muxer-webm: aa71ff27fc2769a1b78a27578f13a17b -> 
  custom:container-demuxer-webm: 4f35f7cbe854078d1ac9338744f61a02 -> 
  custom:container-demuxer-ogg: 62fdf1f143b41e24485cea50d1cbac27 -> 
  custom:video-encoder-webm-vp8: eb34c28f22e8b96e1ab97ce403110664 -> 
  custom:video-decoder-webm-vp8: 9c59270c3fd7afecdb556c50c9e8de78 -> 
  custom:graphics/normal-map-encoding: 01000000000000000000000000000000 -> 02000000000000000000000000000000
  custom:audio-decoder-ogg-vorbis: bf7c407c2cedff20999df2af8eb42d56 -> 
  custom:audio-encoder-webm-vorbis: bf7c407c2cedff20999df2af8eb42d56 -> 
========================================================================
Received Import Request.
  Time since last request: 5179.312529 seconds.
  path: Assets/NewChanges/Models/AE.prefab
  artifactKey: Guid(93baff8ec8caeee449526231805e9cb8) Importer(815301076,1909f56bfc062723c751e8b465ee728b)
Start importing Assets/NewChanges/Models/AE.prefab using Guid(93baff8ec8caeee449526231805e9cb8) Importer(815301076,1909f56bfc062723c751e8b465ee728b)  -> (artifact id: 'f616fdec46d012775ae68b351ec34d49') in 0.175877 seconds 
  Import took 0.181771 seconds .

========================================================================
Received Import Request.
  Time since last request: 0.000207 seconds.
  path: Assets/NewChanges/Models/AS.prefab
  artifactKey: Guid(c5816fb9b5a29c84aaab8bd9c9c5b4db) Importer(815301076,1909f56bfc062723c751e8b465ee728b)
Start importing Assets/NewChanges/Models/AS.prefab using Guid(c5816fb9b5a29c84aaab8bd9c9c5b4db) Importer(815301076,1909f56bfc062723c751e8b465ee728b)  -> (artifact id: '18d7af0cfa7e280e5eef1a3633e66ef2') in 0.029105 seconds 
  Import took 0.035152 seconds .

========================================================================
Received Import Request.
  Time since last request: 0.000190 seconds.
  path: Assets/NewChanges/Models/CS.prefab
  artifactKey: Guid(38cd3e7c186bdbb458c4ebafefbc7803) Importer(815301076,1909f56bfc062723c751e8b465ee728b)
Start importing Assets/NewChanges/Models/CS.prefab using Guid(38cd3e7c186bdbb458c4ebafefbc7803) Importer(815301076,1909f56bfc062723c751e8b465ee728b)  -> (artifact id: '8645f02beabdff55b230b14502b36a84') in 0.029877 seconds 
  Import took 0.035147 seconds .

========================================================================
Received Import Request.
  Time since last request: 0.000218 seconds.
  path: Assets/NewChanges/Models/EW.prefab
  artifactKey: Guid(c7799f83d94fa974ea585fa05ca018cc) Importer(815301076,1909f56bfc062723c751e8b465ee728b)
Start importing Assets/NewChanges/Models/EW.prefab using Guid(c7799f83d94fa974ea585fa05ca018cc) Importer(815301076,1909f56bfc062723c751e8b465ee728b)  -> (artifact id: 'be83a26628af5fa9f88b54017996fb17') in 0.030088 seconds 
  Import took 0.035883 seconds .

========================================================================
Received Import Request.
  Time since last request: 0.000191 seconds.
  path: Assets/NewChanges/Models/CN.prefab
  artifactKey: Guid(459a2c66a58cc8d4a8cc491a9250d918) Importer(815301076,1909f56bfc062723c751e8b465ee728b)
Start importing Assets/NewChanges/Models/CN.prefab using Guid(459a2c66a58cc8d4a8cc491a9250d918) Importer(815301076,1909f56bfc062723c751e8b465ee728b)  -> (artifact id: '105afb7b0c6fe577c579016213525655') in 0.029724 seconds 
  Import took 0.035133 seconds .

========================================================================
Received Import Request.
  Time since last request: 0.000197 seconds.
  path: Assets/NewChanges/Models/CE.prefab
  artifactKey: Guid(acb20459dcbe9034895c9a906383a2da) Importer(815301076,1909f56bfc062723c751e8b465ee728b)
Start importing Assets/NewChanges/Models/CE.prefab using Guid(acb20459dcbe9034895c9a906383a2da) Importer(815301076,1909f56bfc062723c751e8b465ee728b)  -> (artifact id: '760fa06b1281680c8030b4b0173ecb95') in 0.034471 seconds 
  Import took 0.040189 seconds .

========================================================================
Received Import Request.
  Time since last request: 0.000179 seconds.
  path: Assets/NewChanges/Models/DE.prefab
  artifactKey: Guid(7072b94a783a2d340add03717889cf48) Importer(815301076,1909f56bfc062723c751e8b465ee728b)
Start importing Assets/NewChanges/Models/DE.prefab using Guid(7072b94a783a2d340add03717889cf48) Importer(815301076,1909f56bfc062723c751e8b465ee728b)  -> (artifact id: 'b76a2383fc4176ae7ea43aea251a49aa') in 0.031696 seconds 
  Import took 0.037306 seconds .

========================================================================
Received Import Request.
  Time since last request: 0.000224 seconds.
  path: Assets/NewChanges/Models/BN.prefab
  artifactKey: Guid(6de9a22c623e82e4f83ff7ff23494245) Importer(815301076,1909f56bfc062723c751e8b465ee728b)
Start importing Assets/NewChanges/Models/BN.prefab using Guid(6de9a22c623e82e4f83ff7ff23494245) Importer(815301076,1909f56bfc062723c751e8b465ee728b)  -> (artifact id: 'af7f01ec394605e3a6ec2762749f7394') in 0.028156 seconds 
  Import took 0.033859 seconds .

========================================================================
Received Import Request.
  Time since last request: 0.000216 seconds.
  path: Assets/NewChanges/Models/CW.prefab
  artifactKey: Guid(f51bd581e13c51f48ac3181211a275d3) Importer(815301076,1909f56bfc062723c751e8b465ee728b)
Start importing Assets/NewChanges/Models/CW.prefab using Guid(f51bd581e13c51f48ac3181211a275d3) Importer(815301076,1909f56bfc062723c751e8b465ee728b)  -> (artifact id: 'e8c74603cbfdade6269cf2b05a59660f') in 0.028348 seconds 
  Import took 0.033927 seconds .

========================================================================
Received Import Request.
  Time since last request: 0.000272 seconds.
  path: Assets/NewChanges/Models/AW.prefab
  artifactKey: Guid(b4a494e5fb3809b4aab5a30fc88de722) Importer(815301076,1909f56bfc062723c751e8b465ee728b)
Start importing Assets/NewChanges/Models/AW.prefab using Guid(b4a494e5fb3809b4aab5a30fc88de722) Importer(815301076,1909f56bfc062723c751e8b465ee728b)  -> (artifact id: '18ab281c4f9b71afdf2f95cef58a45f3') in 0.028202 seconds 
  Import took 0.034123 seconds .

========================================================================
Received Import Request.
  Time since last request: 0.000222 seconds.
  path: Assets/NewChanges/Models/BS.prefab
  artifactKey: Guid(6f5d2c023474e1940ae68d68c1127d34) Importer(815301076,1909f56bfc062723c751e8b465ee728b)
Start importing Assets/NewChanges/Models/BS.prefab using Guid(6f5d2c023474e1940ae68d68c1127d34) Importer(815301076,1909f56bfc062723c751e8b465ee728b)  -> (artifact id: 'cac7894b8dbe3cee6fd56e1f17009252') in 0.031145 seconds 
  Import took 0.036860 seconds .

========================================================================
Received Import Request.
  Time since last request: 0.000236 seconds.
  path: Assets/NewChanges/Models/AN.prefab
  artifactKey: Guid(8d9f6c279549ada49996a54868b51d17) Importer(815301076,1909f56bfc062723c751e8b465ee728b)
Start importing Assets/NewChanges/Models/AN.prefab using Guid(8d9f6c279549ada49996a54868b51d17) Importer(815301076,1909f56bfc062723c751e8b465ee728b)  -> (artifact id: '826181448d0e0dd43673120757a8f4a2') in 0.030232 seconds 
  Import took 0.035780 seconds .

========================================================================
Received Import Request.
  Time since last request: 0.000139 seconds.
  path: Assets/NewChanges/Models/DS.prefab
  artifactKey: Guid(be8bc3d19d494604f877a9d1692113a2) Importer(815301076,1909f56bfc062723c751e8b465ee728b)
Start importing Assets/NewChanges/Models/DS.prefab using Guid(be8bc3d19d494604f877a9d1692113a2) Importer(815301076,1909f56bfc062723c751e8b465ee728b)  -> (artifact id: 'd3e029e5904906cb55ad6d404c1c5ae8') in 0.029127 seconds 
  Import took 0.034727 seconds .

========================================================================
Received Import Request.
  Time since last request: 0.000150 seconds.
  path: Assets/NewChanges/Models/BE.prefab
  artifactKey: Guid(727a6688a5efe0740a74bc1594bd64f9) Importer(815301076,1909f56bfc062723c751e8b465ee728b)
Start importing Assets/NewChanges/Models/BE.prefab using Guid(727a6688a5efe0740a74bc1594bd64f9) Importer(815301076,1909f56bfc062723c751e8b465ee728b)  -> (artifact id: '8db1a80bd28b1e7bc9daa69693cc52da') in 0.028761 seconds 
  Import took 0.034240 seconds .

========================================================================
Received Import Request.
  Time since last request: 0.000251 seconds.
  path: Assets/NewChanges/Models/BW.prefab
  artifactKey: Guid(a880118001f021d47b8e4ca7bb934793) Importer(815301076,1909f56bfc062723c751e8b465ee728b)
Start importing Assets/NewChanges/Models/BW.prefab using Guid(a880118001f021d47b8e4ca7bb934793) Importer(815301076,1909f56bfc062723c751e8b465ee728b)  -> (artifact id: '947a67ef97eadcc185f0f90c16c245c2') in 0.032638 seconds 
  Import took 0.038185 seconds .

========================================================================
Received Import Request.
  Time since last request: 0.000234 seconds.
  path: Assets/NewChanges/Models/DW.prefab
  artifactKey: Guid(ea37711d9211fdc4f9c5485ba26c4052) Importer(815301076,1909f56bfc062723c751e8b465ee728b)
Start importing Assets/NewChanges/Models/DW.prefab using Guid(ea37711d9211fdc4f9c5485ba26c4052) Importer(815301076,1909f56bfc062723c751e8b465ee728b)  -> (artifact id: '084eac298b12676cb8bfef6940e5d60c') in 0.026836 seconds 
  Import took 0.032828 seconds .

========================================================================
Received Import Request.
  Time since last request: 0.000316 seconds.
  path: Assets/NewChanges/Models/DN.prefab
  artifactKey: Guid(75f43a245ac7e5c48847b938e2715bd7) Importer(815301076,1909f56bfc062723c751e8b465ee728b)
Start importing Assets/NewChanges/Models/DN.prefab using Guid(75f43a245ac7e5c48847b938e2715bd7) Importer(815301076,1909f56bfc062723c751e8b465ee728b)  -> (artifact id: 'fe26046883c67f4c1f52a20c88732115') in 0.045652 seconds 
  Import took 0.051955 seconds .

========================================================================
Received Import Request.
  Time since last request: 0.000221 seconds.
  path: Assets/NewChanges/Models/EE.prefab
  artifactKey: Guid(ea6639e08f006cf499d171f00305bce3) Importer(815301076,1909f56bfc062723c751e8b465ee728b)
Start importing Assets/NewChanges/Models/EE.prefab using Guid(ea6639e08f006cf499d171f00305bce3) Importer(815301076,1909f56bfc062723c751e8b465ee728b)  -> (artifact id: 'a534d547295883a04014d110a249638b') in 0.030049 seconds 
  Import took 0.035679 seconds .

========================================================================
Received Import Request.
  Time since last request: 0.000187 seconds.
  path: Assets/NewChanges/Models/EN.prefab
  artifactKey: Guid(548bf0d88fe636e458d276087e5d932e) Importer(815301076,1909f56bfc062723c751e8b465ee728b)
Start importing Assets/NewChanges/Models/EN.prefab using Guid(548bf0d88fe636e458d276087e5d932e) Importer(815301076,1909f56bfc062723c751e8b465ee728b)  -> (artifact id: '4c6b183075232cc08d7a38e2cb2d3806') in 0.028608 seconds 
  Import took 0.034358 seconds .

========================================================================
Received Import Request.
  Time since last request: 0.000191 seconds.
  path: Assets/NewChanges/Models/ES.prefab
  artifactKey: Guid(e56fdad64eb21f445af06d61f4db7c0b) Importer(815301076,1909f56bfc062723c751e8b465ee728b)
Start importing Assets/NewChanges/Models/ES.prefab using Guid(e56fdad64eb21f445af06d61f4db7c0b) Importer(815301076,1909f56bfc062723c751e8b465ee728b)  -> (artifact id: '0be565fc7802b1033374f780faf0e9e6') in 0.029999 seconds 
  Import took 0.035478 seconds .

AssetImportWorkerClient::OnTransportError - code=2 error=End of file
